<?xml version="1.0" encoding="UTF-8"?>
<testsuite name="Academy Choucair" tests="1" skipped="0" failures="0" errors="0" timestamp="2021-02-12T17:24:53" hostname="PortatilWilson" time="40.079">
  <properties/>
  <testcase name="Search for a automation course" classname="Academy Choucair" time="40.079"/>
  <system-out><![CDATA[]]></system-out>
  <system-err><![CDATA[[Test worker] WARN net.thucydides.core.steps.BaseStepListener - stepStarted: net.thucydides.core.steps.ExecutedStepDescription@50581e7
[Test worker] WARN net.thucydides.core.steps.BaseStepListener - stepStarted: net.thucydides.core.steps.ExecutedStepDescription@4fd95f70
[Test worker] WARN net.thucydides.core.steps.BaseStepListener - stepStarted: net.thucydides.core.steps.ExecutedStepDescription@69a2b8b5
feb 12, 2021 12:24:54 PM org.openqa.selenium.remote.DesiredCapabilities chrome
INFORMACIÓN: Using `new ChromeOptions()` is preferred to `DesiredCapabilities.chrome()`
[Test worker] INFO net.serenitybdd.core.webdriver.driverproviders.ProvideNewDriver - Instantiating driver
[Test worker] INFO net.serenitybdd.core.webdriver.driverproviders.ProvideNewDriver - Driver capabilities: Capabilities {acceptInsecureCerts: false, browserName: chrome, chrome.switches: --start-maximized, goog:chromeOptions: {args: [--start-maximized], extensions: []}, loggingPrefs: org.openqa.selenium.logging..., platform: ANY, version: }
Starting ChromeDriver 88.0.4324.96 (68dba2d8a0b149a1d3afac56fa74648032bcf46b-refs/branch-heads/4324@{#1784}) on port 22555
Only local connections are allowed.
Please see https://chromedriver.chromium.org/security-considerations for suggestions on keeping ChromeDriver safe.
ChromeDriver was started successfully.
feb 12, 2021 12:24:57 PM org.openqa.selenium.remote.ProtocolHandshake createSession
INFORMACIÓN: Detected dialect: W3C
[Test worker] WARN net.thucydides.core.steps.BaseStepListener - stepFinished: current outcome:Search for a automation course:Example: {strUser=1020822219, strPassword=Choucair2021*, strCourse=Prueba Técnica - Analista Bancolombia} [Given than Wilson wants to learn automation at the academy Choucair
| strUser | strPassword |
| 1020822219 | Choucair2021* | [Wilson open up [Wilson opens the Choucair academy page]]]
[Test worker] WARN net.thucydides.core.steps.BaseStepListener - stepFinished: current outcome:Search for a automation course:Example: {strUser=1020822219, strPassword=Choucair2021*, strCourse=Prueba Técnica - Analista Bancolombia} [Given than Wilson wants to learn automation at the academy Choucair
| strUser | strPassword |
| 1020822219 | Choucair2021* | [Wilson open up [Wilson opens the Choucair academy page]]]
[Test worker] WARN net.thucydides.core.steps.BaseStepListener - stepStarted: net.thucydides.core.steps.ExecutedStepDescription@3467542c
[Test worker] WARN net.thucydides.core.steps.BaseStepListener - stepStarted: net.thucydides.core.steps.ExecutedStepDescription@34145629
[Test worker] WARN net.thucydides.core.steps.BaseStepListener - stepFinished: current outcome:Search for a automation course:Example: {strUser=1020822219, strPassword=Choucair2021*, strCourse=Prueba Técnica - Analista Bancolombia} [Given than Wilson wants to learn automation at the academy Choucair
| strUser | strPassword |
| 1020822219 | Choucair2021* | [Wilson open up [Wilson opens the Choucair academy page], Wilson login [Wilson clicks on button that shows us the form to login]]]
[Test worker] WARN net.thucydides.core.steps.BaseStepListener - stepStarted: net.thucydides.core.steps.ExecutedStepDescription@22b1fb3b
[Test worker] WARN net.thucydides.core.steps.BaseStepListener - stepFinished: current outcome:Search for a automation course:Example: {strUser=1020822219, strPassword=Choucair2021*, strCourse=Prueba Técnica - Analista Bancolombia} [Given than Wilson wants to learn automation at the academy Choucair
| strUser | strPassword |
| 1020822219 | Choucair2021* | [Wilson open up [Wilson opens the Choucair academy page], Wilson login [Wilson clicks on button that shows us the form to login, Wilson enters '1020822219' into where do we write the user]]]
[Test worker] WARN net.thucydides.core.steps.BaseStepListener - stepStarted: net.thucydides.core.steps.ExecutedStepDescription@4d9813c6
[Test worker] WARN net.thucydides.core.steps.BaseStepListener - stepFinished: current outcome:Search for a automation course:Example: {strUser=1020822219, strPassword=Choucair2021*, strCourse=Prueba Técnica - Analista Bancolombia} [Given than Wilson wants to learn automation at the academy Choucair
| strUser | strPassword |
| 1020822219 | Choucair2021* | [Wilson open up [Wilson opens the Choucair academy page], Wilson login [Wilson clicks on button that shows us the form to login, Wilson enters '1020822219' into where do we write the user, Wilson enters 'Choucair2021*' into where do we write the password]]]
[Test worker] WARN net.thucydides.core.steps.BaseStepListener - stepStarted: net.thucydides.core.steps.ExecutedStepDescription@5ae67142
[Test worker] WARN net.thucydides.core.steps.BaseStepListener - stepFinished: current outcome:Search for a automation course:Example: {strUser=1020822219, strPassword=Choucair2021*, strCourse=Prueba Técnica - Analista Bancolombia} [Given than Wilson wants to learn automation at the academy Choucair
| strUser | strPassword |
| 1020822219 | Choucair2021* | [Wilson open up [Wilson opens the Choucair academy page], Wilson login [Wilson clicks on button that shows us the form to login, Wilson enters '1020822219' into where do we write the user, Wilson enters 'Choucair2021*' into where do we write the password, Wilson clicks on button to confirm login]]]
[Test worker] WARN net.thucydides.core.steps.BaseStepListener - stepFinished: current outcome:Search for a automation course:Example: {strUser=1020822219, strPassword=Choucair2021*, strCourse=Prueba Técnica - Analista Bancolombia} [Given than Wilson wants to learn automation at the academy Choucair
| strUser | strPassword |
| 1020822219 | Choucair2021* | [Wilson open up [Wilson opens the Choucair academy page], Wilson login [Wilson clicks on button that shows us the form to login, Wilson enters '1020822219' into where do we write the user, Wilson enters 'Choucair2021*' into where do we write the password, Wilson clicks on button to confirm login]]]
[Test worker] WARN net.thucydides.core.steps.BaseStepListener - stepFinished: current outcome:Search for a automation course:Example: {strUser=1020822219, strPassword=Choucair2021*, strCourse=Prueba Técnica - Analista Bancolombia} [Given than Wilson wants to learn automation at the academy Choucair
| strUser | strPassword |
| 1020822219 | Choucair2021* | [Wilson open up [Wilson opens the Choucair academy page], Wilson login [Wilson clicks on button that shows us the form to login, Wilson enters '1020822219' into where do we write the user, Wilson enters 'Choucair2021*' into where do we write the password, Wilson clicks on button to confirm login]]]
[Test worker] WARN net.thucydides.core.steps.BaseStepListener - stepStarted: net.thucydides.core.steps.ExecutedStepDescription@3be6adbd
[Test worker] WARN net.thucydides.core.steps.BaseStepListener - stepStarted: net.thucydides.core.steps.ExecutedStepDescription@70585844
[Test worker] WARN net.thucydides.core.steps.BaseStepListener - stepStarted: net.thucydides.core.steps.ExecutedStepDescription@733d6cd4
[Test worker] WARN net.thucydides.core.steps.BaseStepListener - stepFinished: current outcome:Search for a automation course:Example: {strUser=1020822219, strPassword=Choucair2021*, strCourse=Prueba Técnica - Analista Bancolombia} [Given than Wilson wants to learn automation at the academy Choucair
| strUser | strPassword |
| 1020822219 | Choucair2021* | [Wilson open up [Wilson opens the Choucair academy page], Wilson login [Wilson clicks on button that shows us the form to login, Wilson enters '1020822219' into where do we write the user, Wilson enters 'Choucair2021*' into where do we write the password, Wilson clicks on button to confirm login]], When he search for the course on the choucair academy platform
| strCourse |
| Prueba Técnica - Analista Bancolombia | [Wilson search [Wilson clicks on Select the university choucair]]]
[Test worker] WARN net.thucydides.core.steps.BaseStepListener - stepStarted: net.thucydides.core.steps.ExecutedStepDescription@3f96bd2d
[Test worker] WARN net.thucydides.core.steps.BaseStepListener - stepFinished: current outcome:Search for a automation course:Example: {strUser=1020822219, strPassword=Choucair2021*, strCourse=Prueba Técnica - Analista Bancolombia} [Given than Wilson wants to learn automation at the academy Choucair
| strUser | strPassword |
| 1020822219 | Choucair2021* | [Wilson open up [Wilson opens the Choucair academy page], Wilson login [Wilson clicks on button that shows us the form to login, Wilson enters '1020822219' into where do we write the user, Wilson enters 'Choucair2021*' into where do we write the password, Wilson clicks on button to confirm login]], When he search for the course on the choucair academy platform
| strCourse |
| Prueba Técnica - Analista Bancolombia | [Wilson search [Wilson clicks on Select the university choucair, Wilson enters 'Prueba Técnica - Analista Bancolombia' into Search the course]]]
[Test worker] WARN net.thucydides.core.steps.BaseStepListener - stepStarted: net.thucydides.core.steps.ExecutedStepDescription@68963bcb
[Test worker] WARN net.thucydides.core.steps.BaseStepListener - stepFinished: current outcome:Search for a automation course:Example: {strUser=1020822219, strPassword=Choucair2021*, strCourse=Prueba Técnica - Analista Bancolombia} [Given than Wilson wants to learn automation at the academy Choucair
| strUser | strPassword |
| 1020822219 | Choucair2021* | [Wilson open up [Wilson opens the Choucair academy page], Wilson login [Wilson clicks on button that shows us the form to login, Wilson enters '1020822219' into where do we write the user, Wilson enters 'Choucair2021*' into where do we write the password, Wilson clicks on button to confirm login]], When he search for the course on the choucair academy platform
| strCourse |
| Prueba Técnica - Analista Bancolombia | [Wilson search [Wilson clicks on Select the university choucair, Wilson enters 'Prueba Técnica - Analista Bancolombia' into Search the course, Wilson clicks on Click for search course]]]
[Test worker] WARN net.thucydides.core.steps.BaseStepListener - stepStarted: net.thucydides.core.steps.ExecutedStepDescription@b2d2f4c
[Test worker] WARN net.thucydides.core.steps.BaseStepListener - stepFinished: current outcome:Search for a automation course:Example: {strUser=1020822219, strPassword=Choucair2021*, strCourse=Prueba Técnica - Analista Bancolombia} [Given than Wilson wants to learn automation at the academy Choucair
| strUser | strPassword |
| 1020822219 | Choucair2021* | [Wilson open up [Wilson opens the Choucair academy page], Wilson login [Wilson clicks on button that shows us the form to login, Wilson enters '1020822219' into where do we write the user, Wilson enters 'Choucair2021*' into where do we write the password, Wilson clicks on button to confirm login]], When he search for the course on the choucair academy platform
| strCourse |
| Prueba Técnica - Analista Bancolombia | [Wilson search [Wilson clicks on Select the university choucair, Wilson enters 'Prueba Técnica - Analista Bancolombia' into Search the course, Wilson clicks on Click for search course, Wilson clicks on Select the course Prueba Tecnica - Analista Bancolombia]]]
[Test worker] WARN net.thucydides.core.steps.BaseStepListener - stepFinished: current outcome:Search for a automation course:Example: {strUser=1020822219, strPassword=Choucair2021*, strCourse=Prueba Técnica - Analista Bancolombia} [Given than Wilson wants to learn automation at the academy Choucair
| strUser | strPassword |
| 1020822219 | Choucair2021* | [Wilson open up [Wilson opens the Choucair academy page], Wilson login [Wilson clicks on button that shows us the form to login, Wilson enters '1020822219' into where do we write the user, Wilson enters 'Choucair2021*' into where do we write the password, Wilson clicks on button to confirm login]], When he search for the course on the choucair academy platform
| strCourse |
| Prueba Técnica - Analista Bancolombia | [Wilson search [Wilson clicks on Select the university choucair, Wilson enters 'Prueba Técnica - Analista Bancolombia' into Search the course, Wilson clicks on Click for search course, Wilson clicks on Select the course Prueba Tecnica - Analista Bancolombia]]]
[Test worker] WARN net.thucydides.core.steps.BaseStepListener - stepFinished: current outcome:Search for a automation course:Example: {strUser=1020822219, strPassword=Choucair2021*, strCourse=Prueba Técnica - Analista Bancolombia} [Given than Wilson wants to learn automation at the academy Choucair
| strUser | strPassword |
| 1020822219 | Choucair2021* | [Wilson open up [Wilson opens the Choucair academy page], Wilson login [Wilson clicks on button that shows us the form to login, Wilson enters '1020822219' into where do we write the user, Wilson enters 'Choucair2021*' into where do we write the password, Wilson clicks on button to confirm login]], When he search for the course on the choucair academy platform
| strCourse |
| Prueba Técnica - Analista Bancolombia | [Wilson search [Wilson clicks on Select the university choucair, Wilson enters 'Prueba Técnica - Analista Bancolombia' into Search the course, Wilson clicks on Click for search course, Wilson clicks on Select the course Prueba Tecnica - Analista Bancolombia]]]
[Test worker] WARN net.thucydides.core.steps.BaseStepListener - stepStarted: net.thucydides.core.steps.ExecutedStepDescription@7ad370f4
[Test worker] WARN net.thucydides.core.steps.BaseStepListener - stepStarted: net.thucydides.core.steps.ExecutedStepDescription@3fbb5953
[Test worker] WARN net.thucydides.core.steps.BaseStepListener - stepFinished: current outcome:Search for a automation course:Example: {strUser=1020822219, strPassword=Choucair2021*, strCourse=Prueba Técnica - Analista Bancolombia} [Given than Wilson wants to learn automation at the academy Choucair
| strUser | strPassword |
| 1020822219 | Choucair2021* | [Wilson open up [Wilson opens the Choucair academy page], Wilson login [Wilson clicks on button that shows us the form to login, Wilson enters '1020822219' into where do we write the user, Wilson enters 'Choucair2021*' into where do we write the password, Wilson clicks on button to confirm login]], When he search for the course on the choucair academy platform
| strCourse |
| Prueba Técnica - Analista Bancolombia | [Wilson search [Wilson clicks on Select the university choucair, Wilson enters 'Prueba Técnica - Analista Bancolombia' into Search the course, Wilson clicks on Click for search course, Wilson clicks on Select the course Prueba Tecnica - Analista Bancolombia]], Then he finds the course called
| strCourse |
| Prueba Técnica - Analista Bancolombia | [Then answer]]
[Test worker] WARN net.thucydides.core.steps.BaseStepListener - stepFinished: current outcome:Search for a automation course:Example: {strUser=1020822219, strPassword=Choucair2021*, strCourse=Prueba Técnica - Analista Bancolombia} [Given than Wilson wants to learn automation at the academy Choucair
| strUser | strPassword |
| 1020822219 | Choucair2021* | [Wilson open up [Wilson opens the Choucair academy page], Wilson login [Wilson clicks on button that shows us the form to login, Wilson enters '1020822219' into where do we write the user, Wilson enters 'Choucair2021*' into where do we write the password, Wilson clicks on button to confirm login]], When he search for the course on the choucair academy platform
| strCourse |
| Prueba Técnica - Analista Bancolombia | [Wilson search [Wilson clicks on Select the university choucair, Wilson enters 'Prueba Técnica - Analista Bancolombia' into Search the course, Wilson clicks on Click for search course, Wilson clicks on Select the course Prueba Tecnica - Analista Bancolombia]], Then he finds the course called
| strCourse |
| Prueba Técnica - Analista Bancolombia | [Then answer]]
[Test worker] WARN net.thucydides.core.steps.BaseStepListener - stepFinished: current outcome:Search for a automation course:Example: {strUser=1020822219, strPassword=Choucair2021*, strCourse=Prueba Técnica - Analista Bancolombia} [Given than Wilson wants to learn automation at the academy Choucair
| strUser | strPassword |
| 1020822219 | Choucair2021* | [Wilson open up [Wilson opens the Choucair academy page], Wilson login [Wilson clicks on button that shows us the form to login, Wilson enters '1020822219' into where do we write the user, Wilson enters 'Choucair2021*' into where do we write the password, Wilson clicks on button to confirm login]], When he search for the course on the choucair academy platform
| strCourse |
| Prueba Técnica - Analista Bancolombia | [Wilson search [Wilson clicks on Select the university choucair, Wilson enters 'Prueba Técnica - Analista Bancolombia' into Search the course, Wilson clicks on Click for search course, Wilson clicks on Select the course Prueba Tecnica - Analista Bancolombia]], Then he finds the course called
| strCourse |
| Prueba Técnica - Analista Bancolombia | [Then answer]]
[Test worker] WARN net.thucydides.core.steps.BaseStepListener - testFinished: Search for a automation course:Example: {strUser=1020822219, strPassword=Choucair2021*, strCourse=Prueba Técnica - Analista Bancolombia} [Given than Wilson wants to learn automation at the academy Choucair
| strUser | strPassword |
| 1020822219 | Choucair2021* | [Wilson open up [Wilson opens the Choucair academy page], Wilson login [Wilson clicks on button that shows us the form to login, Wilson enters '1020822219' into where do we write the user, Wilson enters 'Choucair2021*' into where do we write the password, Wilson clicks on button to confirm login]], When he search for the course on the choucair academy platform
| strCourse |
| Prueba Técnica - Analista Bancolombia | [Wilson search [Wilson clicks on Select the university choucair, Wilson enters 'Prueba Técnica - Analista Bancolombia' into Search the course, Wilson clicks on Click for search course, Wilson clicks on Select the course Prueba Tecnica - Analista Bancolombia]], Then he finds the course called
| strCourse |
| Prueba Técnica - Analista Bancolombia | [Then answer]]
[Test worker] WARN net.thucydides.core.steps.BaseStepListener - TestOutcomes: [Search for a automation course:Example: {strUser=1020822219, strPassword=Choucair2021*, strCourse=Prueba Técnica - Analista Bancolombia} [Given than Wilson wants to learn automation at the academy Choucair
| strUser | strPassword |
| 1020822219 | Choucair2021* | [Wilson open up [Wilson opens the Choucair academy page], Wilson login [Wilson clicks on button that shows us the form to login, Wilson enters '1020822219' into where do we write the user, Wilson enters 'Choucair2021*' into where do we write the password, Wilson clicks on button to confirm login]], When he search for the course on the choucair academy platform
| strCourse |
| Prueba Técnica - Analista Bancolombia | [Wilson search [Wilson clicks on Select the university choucair, Wilson enters 'Prueba Técnica - Analista Bancolombia' into Search the course, Wilson clicks on Click for search course, Wilson clicks on Select the course Prueba Tecnica - Analista Bancolombia]], Then he finds the course called
| strCourse |
| Prueba Técnica - Analista Bancolombia | [Then answer]]]
[Test worker] WARN net.thucydides.core.steps.BaseStepListener - Final testOutcomes: [Search for a automation course:Example: {strUser=1020822219, strPassword=Choucair2021*, strCourse=Prueba Técnica - Analista Bancolombia} [Given than Wilson wants to learn automation at the academy Choucair
| strUser | strPassword |
| 1020822219 | Choucair2021* | [Wilson open up [Wilson opens the Choucair academy page], Wilson login [Wilson clicks on button that shows us the form to login, Wilson enters '1020822219' into where do we write the user, Wilson enters 'Choucair2021*' into where do we write the password, Wilson clicks on button to confirm login]], When he search for the course on the choucair academy platform
| strCourse |
| Prueba Técnica - Analista Bancolombia | [Wilson search [Wilson clicks on Select the university choucair, Wilson enters 'Prueba Técnica - Analista Bancolombia' into Search the course, Wilson clicks on Click for search course, Wilson clicks on Select the course Prueba Tecnica - Analista Bancolombia]], Then he finds the course called
| strCourse |
| Prueba Técnica - Analista Bancolombia | [Then answer]]]
[Test worker] INFO net.thucydides.core.steps.ConsoleLoggingListener - 
        __    _____ _____ ____ _____   ____   _    ____  ____  _____ ____  
  _     \ \  |_   _| ____/ ___|_   _| |  _ \ / \  / ___|/ ___|| ____|  _ \ 
 (_)_____| |   | | |  _| \___ \ | |   | |_) / _ \ \___ \\___ \|  _| | | | |
  _|_____| |   | | | |___ ___) || |   |  __/ ___ \ ___) |___) | |___| |_| |
 (_)     | |   |_| |_____|____/ |_|   |_| /_/   \_\____/|____/|_____|____/ 
        /_/                                                                

TEST PASSED: Search for a automation course
----------------------------------------------------------------------------
]]></system-err>
</testsuite>
